<?xml version="1.0" encoding="UTF-8"?>
<testsuite xmlns:xsi="http://www.w3.org/2001/XMLSchema-instance" xsi:noNamespaceSchemaLocation="https://maven.apache.org/surefire/maven-surefire-plugin/xsd/surefire-test-report.xsd" name="servlet.tests.EndpointTest" time="2.783" tests="3" errors="0" skipped="0" failures="3">
  <properties>
    <property name="sun.desktop" value="windows"/>
    <property name="awt.toolkit" value="sun.awt.windows.WToolkit"/>
    <property name="file.encoding.pkg" value="sun.io"/>
    <property name="java.specification.version" value="1.8"/>
    <property name="sun.cpu.isalist" value="amd64"/>
    <property name="sun.jnu.encoding" value="Cp1252"/>
    <property name="java.class.path" value="C:\DLTE-Java-Full-Stack-ElroyMerwynMonis-2024\DLTE-JavaEE\DLTE-JavaEE-Tasks\Task854-Rest-DAOLayer\Task848\target\test-classes;C:\DLTE-Java-Full-Stack-ElroyMerwynMonis-2024\DLTE-JavaEE\DLTE-JavaEE-Tasks\Task854-Rest-DAOLayer\Task848\target\classes;C:\Users\xxmonise\.m2\repository\junit\junit\4.11\junit-4.11.jar;C:\Users\xxmonise\.m2\repository\org\hamcrest\hamcrest-core\1.3\hamcrest-core-1.3.jar;C:\Users\xxmonise\.m2\repository\app\mybank\DAO-MyBankTransactionHistory\1.0-SNAPSHOT\DAO-MyBankTransactionHistory-1.0-SNAPSHOT.jar;C:\Users\xxmonise\.m2\repository\com\oracle\database\jdbc\ojdbc6\11.2.0.4\ojdbc6-11.2.0.4.jar;C:\Users\xxmonise\.m2\repository\com\oracle\database\jdbc\ucp\11.2.0.4\ucp-11.2.0.4.jar;C:\Users\xxmonise\.m2\repository\com\oracle\database\security\oraclepki\11.2.0.4\oraclepki-11.2.0.4.jar;C:\Users\xxmonise\.m2\repository\com\oracle\database\security\osdt_cert\11.2.0.4\osdt_cert-11.2.0.4.jar;C:\Users\xxmonise\.m2\repository\com\oracle\database\security\osdt_core\11.2.0.4\osdt_core-11.2.0.4.jar;C:\Users\xxmonise\.m2\repository\com\oracle\database\ha\simplefan\11.2.0.4\simplefan-11.2.0.4.jar;C:\Users\xxmonise\.m2\repository\com\oracle\database\ha\ons\11.2.0.4\ons-11.2.0.4.jar;C:\Users\xxmonise\.m2\repository\javax\servlet\javax.servlet-api\4.0.1\javax.servlet-api-4.0.1.jar;C:\Users\xxmonise\.m2\repository\javax\ws\rs\javax.ws.rs-api\2.1.1\javax.ws.rs-api-2.1.1.jar;C:\Users\xxmonise\.m2\repository\com\google\code\gson\gson\2.10.1\gson-2.10.1.jar;C:\Users\xxmonise\.m2\repository\org\mockito\mockito-core\4.5.1\mockito-core-4.5.1.jar;C:\Users\xxmonise\.m2\repository\net\bytebuddy\byte-buddy\1.12.9\byte-buddy-1.12.9.jar;C:\Users\xxmonise\.m2\repository\net\bytebuddy\byte-buddy-agent\1.12.9\byte-buddy-agent-1.12.9.jar;C:\Users\xxmonise\.m2\repository\org\objenesis\objenesis\3.2\objenesis-3.2.jar;"/>
    <property name="java.vm.vendor" value="Red Hat, Inc."/>
    <property name="sun.arch.data.model" value="64"/>
    <property name="user.variant" value=""/>
    <property name="java.vendor.url" value="https://developers.redhat.com/"/>
    <property name="user.timezone" value="Asia/Calcutta"/>
    <property name="java.vm.specification.version" value="1.8"/>
    <property name="os.name" value="Windows 10"/>
    <property name="user.country" value="US"/>
    <property name="sun.java.launcher" value="SUN_STANDARD"/>
    <property name="sun.boot.library.path" value="C:\Program Files\RedHat\java-1.8.0-openjdk-1.8.0.292-2\jre\bin"/>
    <property name="sun.java.command" value="C:\Users\xxmonise\AppData\Local\Temp\surefire880938822581686352\surefirebooter7578920908950921047.jar C:\Users\xxmonise\AppData\Local\Temp\surefire880938822581686352 2024-03-18T14-59-25_108-jvmRun1 surefire7566066304123071150tmp surefire_02546780505826863810tmp"/>
    <property name="surefire.test.class.path" value="C:\DLTE-Java-Full-Stack-ElroyMerwynMonis-2024\DLTE-JavaEE\DLTE-JavaEE-Tasks\Task854-Rest-DAOLayer\Task848\target\test-classes;C:\DLTE-Java-Full-Stack-ElroyMerwynMonis-2024\DLTE-JavaEE\DLTE-JavaEE-Tasks\Task854-Rest-DAOLayer\Task848\target\classes;C:\Users\xxmonise\.m2\repository\junit\junit\4.11\junit-4.11.jar;C:\Users\xxmonise\.m2\repository\org\hamcrest\hamcrest-core\1.3\hamcrest-core-1.3.jar;C:\Users\xxmonise\.m2\repository\app\mybank\DAO-MyBankTransactionHistory\1.0-SNAPSHOT\DAO-MyBankTransactionHistory-1.0-SNAPSHOT.jar;C:\Users\xxmonise\.m2\repository\com\oracle\database\jdbc\ojdbc6\11.2.0.4\ojdbc6-11.2.0.4.jar;C:\Users\xxmonise\.m2\repository\com\oracle\database\jdbc\ucp\11.2.0.4\ucp-11.2.0.4.jar;C:\Users\xxmonise\.m2\repository\com\oracle\database\security\oraclepki\11.2.0.4\oraclepki-11.2.0.4.jar;C:\Users\xxmonise\.m2\repository\com\oracle\database\security\osdt_cert\11.2.0.4\osdt_cert-11.2.0.4.jar;C:\Users\xxmonise\.m2\repository\com\oracle\database\security\osdt_core\11.2.0.4\osdt_core-11.2.0.4.jar;C:\Users\xxmonise\.m2\repository\com\oracle\database\ha\simplefan\11.2.0.4\simplefan-11.2.0.4.jar;C:\Users\xxmonise\.m2\repository\com\oracle\database\ha\ons\11.2.0.4\ons-11.2.0.4.jar;C:\Users\xxmonise\.m2\repository\javax\servlet\javax.servlet-api\4.0.1\javax.servlet-api-4.0.1.jar;C:\Users\xxmonise\.m2\repository\javax\ws\rs\javax.ws.rs-api\2.1.1\javax.ws.rs-api-2.1.1.jar;C:\Users\xxmonise\.m2\repository\com\google\code\gson\gson\2.10.1\gson-2.10.1.jar;C:\Users\xxmonise\.m2\repository\org\mockito\mockito-core\4.5.1\mockito-core-4.5.1.jar;C:\Users\xxmonise\.m2\repository\net\bytebuddy\byte-buddy\1.12.9\byte-buddy-1.12.9.jar;C:\Users\xxmonise\.m2\repository\net\bytebuddy\byte-buddy-agent\1.12.9\byte-buddy-agent-1.12.9.jar;C:\Users\xxmonise\.m2\repository\org\objenesis\objenesis\3.2\objenesis-3.2.jar;"/>
    <property name="sun.cpu.endian" value="little"/>
    <property name="user.home" value="C:\Users\xxmonise"/>
    <property name="user.language" value="en"/>
    <property name="java.specification.vendor" value="Oracle Corporation"/>
    <property name="java.home" value="C:\Program Files\RedHat\java-1.8.0-openjdk-1.8.0.292-2\jre"/>
    <property name="basedir" value="C:\DLTE-Java-Full-Stack-ElroyMerwynMonis-2024\DLTE-JavaEE\DLTE-JavaEE-Tasks\Task854-Rest-DAOLayer\Task848"/>
    <property name="file.separator" value="\"/>
    <property name="line.separator" value="&#10;"/>
    <property name="java.vm.specification.vendor" value="Oracle Corporation"/>
    <property name="java.specification.name" value="Java Platform API Specification"/>
    <property name="java.awt.graphicsenv" value="sun.awt.Win32GraphicsEnvironment"/>
    <property name="surefire.real.class.path" value="C:\Users\xxmonise\AppData\Local\Temp\surefire880938822581686352\surefirebooter7578920908950921047.jar"/>
    <property name="sun.boot.class.path" value="C:\Program Files\RedHat\java-1.8.0-openjdk-1.8.0.292-2\jre\lib\resources.jar;C:\Program Files\RedHat\java-1.8.0-openjdk-1.8.0.292-2\jre\lib\rt.jar;C:\Program Files\RedHat\java-1.8.0-openjdk-1.8.0.292-2\jre\lib\sunrsasign.jar;C:\Program Files\RedHat\java-1.8.0-openjdk-1.8.0.292-2\jre\lib\jsse.jar;C:\Program Files\RedHat\java-1.8.0-openjdk-1.8.0.292-2\jre\lib\jce.jar;C:\Program Files\RedHat\java-1.8.0-openjdk-1.8.0.292-2\jre\lib\charsets.jar;C:\Program Files\RedHat\java-1.8.0-openjdk-1.8.0.292-2\jre\lib\jfr.jar;C:\Program Files\RedHat\java-1.8.0-openjdk-1.8.0.292-2\jre\classes"/>
    <property name="user.script" value=""/>
    <property name="sun.management.compiler" value="HotSpot 64-Bit Tiered Compilers"/>
    <property name="java.runtime.version" value="1.8.0_292-b10"/>
    <property name="user.name" value="xxmonise"/>
    <property name="path.separator" value=";"/>
    <property name="os.version" value="10.0"/>
    <property name="java.endorsed.dirs" value="C:\Program Files\RedHat\java-1.8.0-openjdk-1.8.0.292-2\jre\lib\endorsed"/>
    <property name="java.runtime.name" value="OpenJDK Runtime Environment"/>
    <property name="file.encoding" value="Cp1252"/>
    <property name="java.vm.name" value="OpenJDK 64-Bit Server VM"/>
    <property name="localRepository" value="C:\Users\xxmonise\.m2\repository"/>
    <property name="java.vendor.url.bug" value="https://bugzilla.redhat.com/enter_bug.cgi"/>
    <property name="java.io.tmpdir" value="C:\Users\xxmonise\AppData\Local\Temp\"/>
    <property name="java.version" value="1.8.0_292"/>
    <property name="user.dir" value="C:\DLTE-Java-Full-Stack-ElroyMerwynMonis-2024\DLTE-JavaEE\DLTE-JavaEE-Tasks\Task854-Rest-DAOLayer\Task848"/>
    <property name="os.arch" value="amd64"/>
    <property name="java.vm.specification.name" value="Java Virtual Machine Specification"/>
    <property name="java.awt.printerjob" value="sun.awt.windows.WPrinterJob"/>
    <property name="idea.version2019.3.1" value="true"/>
    <property name="sun.os.patch.level" value=""/>
    <property name="java.library.path" value="C:\Program Files\RedHat\java-1.8.0-openjdk-1.8.0.292-2\jre\bin;C:\Windows\Sun\Java\bin;C:\Windows\system32;C:\Windows;C:\oraclexe\app\oracle\product\11.2.0\server\bin;C:\Windows\system32;C:\Windows;C:\Windows\System32\Wbem;C:\Windows\System32\WindowsPowerShell\v1.0\;C:\Windows\System32\OpenSSH\;C:\Program Files\RedHat\java-1.8.0-openjdk-1.8.0.292-2\jre\bin;C:\Users\xxmonise\Downloads\apache-maven-3.3.9\apache-maven-3.3.9\bin;C:\Program Files\RedHat\java-1.8.0-openjdk-1.8.0.292-2\bin;C:\Program Files\Git\cmd;C:\Program Files\JetBrains\IntelliJ IDEA 2019.3.1\bin;C:\Program Files\jboss-eap-7.3\bin;C:\Users\xxmonise\AppData\Local\Microsoft\WindowsApps;C:\Program Files\JetBrains\IntelliJ IDEA 2019.3.1\bin;;C:\oraclexe\app\oracle\product\11.2.0\server\bin;C:\Users\xxmonise\Downloads\apache-maven-3.3.9\apache-maven-3.3.9\bin;C:\Users\xxmonise\AppData\Local\Programs\Microsoft VS Code\bin;C:\Program Files\JetBrains\IntelliJ IDEA 2019.3.1\bin;C:\Program Files\jboss-eap-7.3\bin;;."/>
    <property name="java.vm.info" value="mixed mode"/>
    <property name="java.vendor" value="Red Hat, Inc."/>
    <property name="java.vm.version" value="25.292-b10"/>
    <property name="java.ext.dirs" value="C:\Program Files\RedHat\java-1.8.0-openjdk-1.8.0.292-2\jre\lib\ext;C:\Windows\Sun\Java\lib\ext"/>
    <property name="sun.io.unicode.encoding" value="UnicodeLittle"/>
    <property name="java.class.version" value="52.0"/>
  </properties>
  <testcase name="testFindAllByUsername" classname="servlet.tests.EndpointTest" time="1.959">
    <failure message="Response content should match expected:&lt;[[{&quot;userName&quot;:&quot;user1&quot;,&quot;transactionType&quot;:&quot;deposit&quot;,&quot;transactionAmount&quot;:500.0,&quot;transactionDate&quot;:&quot;2024-03-18&quot;}]]&gt; but was:&lt;[]&gt;" type="org.junit.ComparisonFailure">org.junit.ComparisonFailure: Response content should match expected:&lt;[[{"userName":"user1","transactionType":"deposit","transactionAmount":500.0,"transactionDate":"2024-03-18"}]]&gt; but was:&lt;[]&gt;	at servlet.tests.EndpointTest.testFindAllByUsername(EndpointTest.java:87)</failure>
    <system-out><![CDATA[null
]]></system-out>
  </testcase>
  <testcase name="testFindAllByDateAndUsername" classname="servlet.tests.EndpointTest" time="0.012">
    <failure message="Response content should match expected:&lt;[[{&quot;userName&quot;:&quot;user1&quot;,&quot;transactionType&quot;:&quot;deposit&quot;,&quot;transactionAmount&quot;:500.0,&quot;transactionDate&quot;:&quot;2024-03-18&quot;}]]&gt; but was:&lt;[]&gt;" type="org.junit.ComparisonFailure">org.junit.ComparisonFailure: Response content should match expected:&lt;[[{"userName":"user1","transactionType":"deposit","transactionAmount":500.0,"transactionDate":"2024-03-18"}]]&gt; but was:&lt;[]&gt;	at servlet.tests.EndpointTest.testFindAllByDateAndUsername(EndpointTest.java:106)</failure>
    <system-out><![CDATA[null
]]></system-out>
  </testcase>
  <testcase name="testFindAll" classname="servlet.tests.EndpointTest" time="0.016">
    <failure message="&#10;Wanted but not invoked:&#10;service.callViewAllTransaction();&#10;-&gt; at servlet.tests.EndpointTest.testFindAll(EndpointTest.java:65)&#10;Actually, there were zero interactions with this mock.&#10;" type="org.mockito.exceptions.verification.WantedButNotInvoked">org.mockito.exceptions.verification.WantedButNotInvoked: 

Wanted but not invoked:
service.callViewAllTransaction();
-> at servlet.tests.EndpointTest.testFindAll(EndpointTest.java:65)
Actually, there were zero interactions with this mock.

	at servlet.tests.EndpointTest.testFindAll(EndpointTest.java:65)
</failure>
    <system-out><![CDATA[[MockitoHint] EndpointTest.testFindAllByDateAndUsername (see javadoc for MockitoHint):
[MockitoHint] 1. Unused... -> at servlet.tests.EndpointTest.testFindAllByDateAndUsername(EndpointTest.java:96)
[MockitoHint]  ...args ok? -> at dao.servlets.FindAllByDateUser.doGet(FindAllByDateUser.java:30)
[MockitoHint]  ...args ok? -> at dao.servlets.FindAllByDateUser.doGet(FindAllByDateUser.java:31)
[MockitoHint]  ...args ok? -> at dao.servlets.FindAllByDateUser.doGet(FindAllByDateUser.java:32)
[MockitoHint] 2. Unused... -> at servlet.tests.EndpointTest.testFindAllByDateAndUsername(EndpointTest.java:97)
[MockitoHint]  ...args ok? -> at dao.servlets.FindAllByDateUser.doGet(FindAllByDateUser.java:30)
[MockitoHint]  ...args ok? -> at dao.servlets.FindAllByDateUser.doGet(FindAllByDateUser.java:31)
[MockitoHint]  ...args ok? -> at dao.servlets.FindAllByDateUser.doGet(FindAllByDateUser.java:32)

null
]]></system-out>
  </testcase>
</testsuite>